<?xml version="1.0" encoding="UTF-8"?>
<!-- Generated by org.testng.reporters.JUnitReportReporter -->
<testsuite skipped="0" hostname="LAPTOP-JIBR9C35" name="academy.LandingpageTest" tests="1" failures="0" timestamp="20 Dec 2020 17:14:43 GMT" time="0.754" errors="0">
  <testcase name="LandingPageNavigationBar" time="0.754" classname="academy.LandingpageTest"/>
</testsuite> <!-- academy.LandingpageTest -->
