<?xml version="1.0" encoding="UTF-8"?>
<!-- Generated by org.testng.reporters.JUnitReportReporter -->
<testsuite skipped="0" hostname="LAPTOP-JIBR9C35" name="academy.LoginPageTest" tests="2" failures="0" timestamp="29 Nov 2020 04:54:17 GMT" time="4.915" errors="0">
  <testcase name="loginPagetext" time="0.054" classname="academy.LoginPageTest"/>
  <testcase name="loginPageTitle" time="4.861" classname="academy.LoginPageTest"/>
</testsuite> <!-- academy.LoginPageTest -->
