<?xml version="1.0" encoding="UTF-8"?>
<!-- Generated by org.testng.reporters.JUnitReportReporter -->
<testsuite skipped="0" hostname="LAPTOP-JIBR9C35" name="academy.LandingpageTest" tests="2" failures="0" timestamp="26 Jan 2021 12:10:13 GMT" time="1.692" errors="0">
  <testcase name="LandingPageCenterText" time="1.027" classname="academy.LandingpageTest"/>
  <testcase name="LandingPageNavigationBar" time="0.665" classname="academy.LandingpageTest"/>
</testsuite> <!-- academy.LandingpageTest -->
