<?xml version="1.0" encoding="UTF-8"?>
<!-- Generated by org.testng.reporters.JUnitReportReporter -->
<testsuite skipped="0" hostname="LAPTOP-JIBR9C35" name="academy.LoginPageTest" tests="2" failures="0" timestamp="26 Jan 2021 12:10:13 GMT" time="14.070" errors="0">
  <testcase name="loginPageTitle" time="13.974" classname="academy.LoginPageTest"/>
  <testcase name="loginPagetext" time="0.096" classname="academy.LoginPageTest"/>
</testsuite> <!-- academy.LoginPageTest -->
